<?xml version="1.0" encoding="UTF-8"?>
<!-- Generated by org.testng.reporters.JUnitXMLReporter -->
<testsuite ignored="2" hostname="LAPTOP-D6EH55C7" failures="0" tests="1" name="Default test" time="27.254" errors="0" timestamp="2023-05-13T23:52:59 IST">
  <testcase classname="TestCases.TestCase1" name="purchaseticket" time="21.166"/>
  <testcase classname="TestCases.TestCase1" name="checktheTitle" time="0.0">
    <ignored/>
  </testcase> <!-- checktheTitle -->
  <testcase classname="TestCases.TestCase1" name="clickopertaion" time="0.0">
    <ignored/>
  </testcase> <!-- clickopertaion -->
</testsuite> <!-- Default test -->
