<?xml version="1.0" encoding="UTF-8"?>
<testng-results ignored="2" total="3" passed="1" failed="0" skipped="0">
  <reporter-output>
  </reporter-output>
  <suite started-at="2023-05-13T23:52:32 IST" name="nopCommerce" finished-at="2023-05-13T23:52:59 IST" duration-ms="27254">
    <groups>
    </groups>
    <test started-at="2023-05-13T23:52:32 IST" name="Default test" finished-at="2023-05-13T23:52:59 IST" duration-ms="27254">
      <class name="TestCases.TestCase1">
        <test-method is-config="true" signature="setup()[pri:0, instance:TestCases.TestCase1@59fd97a8]" started-at="2023-05-13T23:52:32 IST" name="setup" finished-at="2023-05-13T23:52:38 IST" duration-ms="5815" status="PASS">
          <reporter-output>
          </reporter-output>
        </test-method> <!-- setup -->
        <test-method signature="purchaseticket()[pri:0, instance:TestCases.TestCase1@59fd97a8]" started-at="2023-05-13T23:52:38 IST" name="purchaseticket" finished-at="2023-05-13T23:52:59 IST" duration-ms="21166" status="PASS">
          <reporter-output>
          </reporter-output>
        </test-method> <!-- purchaseticket -->
        <test-method is-config="true" signature="Logout()[pri:0, instance:TestCases.TestCase1@59fd97a8]" started-at="2023-05-13T23:52:59 IST" name="Logout" finished-at="2023-05-13T23:52:59 IST" duration-ms="225" status="PASS">
          <reporter-output>
          </reporter-output>
        </test-method> <!-- Logout -->
      </class> <!-- TestCases.TestCase1 -->
    </test> <!-- Default test -->
  </suite> <!-- nopCommerce -->
</testng-results>
